INFO:databases:Connected to database postgresql+asyncpg://neondb_owner:********@ep-red-star-a19jjtnh-pooler.ap-southeast-1.aws.neon.tech/neondb?sslmode=require&channel_binding=require
INFO:httpx:HTTP Request: GET https://close-sunfish-80475.upstash.io/get/stream:v3:cd6a67ef763aa2957c98fcf4 "HTTP/1.1 200 OK"
INFO:services.ingestion.main:Starting ingestion for Anime: 154587 | Ep: 1.0 | Provider: kuronime
INFO:services.ingestion.core.slicer:🚀 Slicing with Subtitle Mapping from https://a6.mp4upload.com:183/d/w2xxzp7uz3b4quuod2qr2p2dc4575hjwuuyhj3etnjitks4czwrpr6inutszdltsqvooofjv/video.mp4...
INFO:httpx:HTTP Request: POST https://close-sunfish-80475.upstash.io/set/lock:ingest_batch_trigger?EX=900&NX "HTTP/1.1 200 OK"
INFO:httpx:HTTP Request: HEAD https://jonyyyyyyyu-anime-scraper-api.hf.space/healthz "HTTP/1.1 200 OK"
INFO:services.ingestion.main:[Keep-Alive] Pinged HF Space health endpoint to prevent sleep.
INFO:httpx:HTTP Request: HEAD https://jonyyyyyyyu-anime-scraper-api.hf.space/healthz "HTTP/1.1 200 OK"
INFO:services.ingestion.main:[Keep-Alive] Pinged HF Space health endpoint to prevent sleep.
INFO:httpx:HTTP Request: HEAD https://jonyyyyyyyu-anime-scraper-api.hf.space/healthz "HTTP/1.1 200 OK"
INFO:services.ingestion.main:[Keep-Alive] Pinged HF Space health endpoint to prevent sleep.
INFO:httpx:HTTP Request: HEAD https://jonyyyyyyyu-anime-scraper-api.hf.space/healthz "HTTP/1.1 200 OK"
INFO:services.ingestion.main:[Keep-Alive] Pinged HF Space health endpoint to prevent sleep.
INFO:httpx:HTTP Request: HEAD https://jonyyyyyyyu-anime-scraper-api.hf.space/healthz "HTTP/1.1 200 OK"
INFO:services.ingestion.main:[Keep-Alive] Pinged HF Space health endpoint to prevent sleep.
INFO:httpx:HTTP Request: HEAD https://jonyyyyyyyu-anime-scraper-api.hf.space/healthz "HTTP/1.1 200 OK"
INFO:services.ingestion.main:[Keep-Alive] Pinged HF Space health endpoint to prevent sleep.
INFO:httpx:HTTP Request: HEAD https://jonyyyyyyyu-anime-scraper-api.hf.space/healthz "HTTP/1.1 200 OK"
INFO:services.ingestion.main:[Keep-Alive] Pinged HF Space health endpoint to prevent sleep.
INFO:httpx:HTTP Request: HEAD https://jonyyyyyyyu-anime-scraper-api.hf.space/healthz "HTTP/1.1 200 OK"
INFO:services.ingestion.main:[Keep-Alive] Pinged HF Space health endpoint to prevent sleep.
