Ditemukan 27 episode Frieren (Eps 2+) yang belum di-ingest.

🚀 [2.0] Memicu Ingestion untuk Frieren Episode 2.0...
[2.0] Trigger API HF Space Status: 200
[2.0] Menunggu 15 menit (900 detik) untuk memberi waktu Server HF memotong video...
   ... Menunggu 15 menit tersisa ...
   ... Menunggu 14 menit tersisa ...
   ... Menunggu 13 menit tersisa ...
   ... Menunggu 12 menit tersisa ...
   ... Menunggu 11 menit tersisa ...
   ... Menunggu 10 menit tersisa ...
   ... Menunggu 9 menit tersisa ...
   ... Menunggu 8 menit tersisa ...
   ... Menunggu 7 menit tersisa ...
   ... Menunggu 6 menit tersisa ...
   ... Menunggu 5 menit tersisa ...
   ... Menunggu 4 menit tersisa ...
   ... Menunggu 3 menit tersisa ...
   ... Menunggu 2 menit tersisa ...
   ... Menunggu 1 menit tersisa ...

🚀 [3.0] Memicu Ingestion untuk Frieren Episode 3.0...
[3.0] Trigger API HF Space Status: 200
[3.0] Menunggu 15 menit (900 detik) untuk memberi waktu Server HF memotong video...
   ... Menunggu 15 menit tersisa ...
   ... Menunggu 14 menit tersisa ...
   ... Menunggu 13 menit tersisa ...
   ... Menunggu 12 menit tersisa ...
   ... Menunggu 11 menit tersisa ...
   ... Menunggu 10 menit tersisa ...
   ... Menunggu 9 menit tersisa ...
   ... Menunggu 8 menit tersisa ...
   ... Menunggu 7 menit tersisa ...
   ... Menunggu 6 menit tersisa ...
   ... Menunggu 5 menit tersisa ...
   ... Menunggu 4 menit tersisa ...
   ... Menunggu 3 menit tersisa ...
   ... Menunggu 2 menit tersisa ...
   ... Menunggu 1 menit tersisa ...

🚀 [4.0] Memicu Ingestion untuk Frieren Episode 4.0...
[4.0] Trigger API HF Space Status: 200
[4.0] Menunggu 15 menit (900 detik) untuk memberi waktu Server HF memotong video...
   ... Menunggu 15 menit tersisa ...
   ... Menunggu 14 menit tersisa ...
   ... Menunggu 13 menit tersisa ...
   ... Menunggu 12 menit tersisa ...
   ... Menunggu 11 menit tersisa ...
   ... Menunggu 10 menit tersisa ...
   ... Menunggu 9 menit tersisa ...
   ... Menunggu 8 menit tersisa ...
   ... Menunggu 7 menit tersisa ...
   ... Menunggu 6 menit tersisa ...
   ... Menunggu 5 menit tersisa ...
   ... Menunggu 4 menit tersisa ...
   ... Menunggu 3 menit tersisa ...
   ... Menunggu 2 menit tersisa ...
   ... Menunggu 1 menit tersisa ...

🚀 [5.0] Memicu Ingestion untuk Frieren Episode 5.0...
[5.0] Trigger API Timeout (Normal karena background processing jalan): 
[5.0] Menunggu 15 menit (900 detik) untuk memberi waktu Server HF memotong video...
   ... Menunggu 15 menit tersisa ...
   ... Menunggu 14 menit tersisa ...
   ... Menunggu 13 menit tersisa ...
   ... Menunggu 12 menit tersisa ...
   ... Menunggu 11 menit tersisa ...
   ... Menunggu 10 menit tersisa ...
   ... Menunggu 9 menit tersisa ...
   ... Menunggu 8 menit tersisa ...
   ... Menunggu 7 menit tersisa ...
   ... Menunggu 6 menit tersisa ...
   ... Menunggu 5 menit tersisa ...
   ... Menunggu 4 menit tersisa ...
   ... Menunggu 3 menit tersisa ...
   ... Menunggu 2 menit tersisa ...
   ... Menunggu 1 menit tersisa ...

🚀 [6.0] Memicu Ingestion untuk Frieren Episode 6.0...
[6.0] Trigger API HF Space Status: 200
[6.0] Menunggu 15 menit (900 detik) untuk memberi waktu Server HF memotong video...
   ... Menunggu 15 menit tersisa ...
   ... Menunggu 14 menit tersisa ...
   ... Menunggu 13 menit tersisa ...
   ... Menunggu 12 menit tersisa ...
   ... Menunggu 11 menit tersisa ...
   ... Menunggu 10 menit tersisa ...
   ... Menunggu 9 menit tersisa ...
   ... Menunggu 8 menit tersisa ...
   ... Menunggu 7 menit tersisa ...
   ... Menunggu 6 menit tersisa ...
   ... Menunggu 5 menit tersisa ...
   ... Menunggu 4 menit tersisa ...
   ... Menunggu 3 menit tersisa ...
   ... Menunggu 2 menit tersisa ...
   ... Menunggu 1 menit tersisa ...

🚀 [7.0] Memicu Ingestion untuk Frieren Episode 7.0...
Traceback (most recent call last):
  File "/data/data/com.termux/files/home/workspace/anime-scraper-pro/apps/api/scripts/delayed_ingest_frieren.py", line 77, in <module>
    asyncio.run(process_delayed())
  File "/data/data/com.termux/files/usr/lib/python3.12/asyncio/runners.py", line 195, in run
    return runner.run(main)
           ^^^^^^^^^^^^^^^^
  File "/data/data/com.termux/files/usr/lib/python3.12/asyncio/runners.py", line 118, in run
    return self._loop.run_until_complete(task)
           ^^^^^^^^^^^^^^^^^^^^^^^^^^^^^^^^^^^
  File "/data/data/com.termux/files/usr/lib/python3.12/asyncio/base_events.py", line 691, in run_until_complete
    return future.result()
           ^^^^^^^^^^^^^^^
  File "/data/data/com.termux/files/home/workspace/anime-scraper-pro/apps/api/scripts/delayed_ingest_frieren.py", line 41, in process_delayed
    await db.execute('''
  File "/data/data/com.termux/files/usr/lib/python3.12/site-packages/databases/core.py", line 198, in execute
    async with self.connection() as connection:
               ^^^^^^^^^^^^^^^^^
  File "/data/data/com.termux/files/usr/lib/python3.12/site-packages/databases/core.py", line 267, in __aenter__
    raise e
  File "/data/data/com.termux/files/usr/lib/python3.12/site-packages/databases/core.py", line 264, in __aenter__
    await self._connection.acquire()
  File "/data/data/com.termux/files/usr/lib/python3.12/site-packages/databases/backends/postgres.py", line 94, in acquire
    self._connection = await self._database._pool.acquire()
                       ^^^^^^^^^^^^^^^^^^^^^^^^^^^^^^^^^^^^
  File "/data/data/com.termux/files/usr/lib/python3.12/site-packages/asyncpg/pool.py", line 896, in _acquire
    return await _acquire_impl()
           ^^^^^^^^^^^^^^^^^^^^^
  File "/data/data/com.termux/files/usr/lib/python3.12/site-packages/asyncpg/pool.py", line 881, in _acquire_impl
    proxy = await ch.acquire()  # type: PoolConnectionProxy
            ^^^^^^^^^^^^^^^^^^
  File "/data/data/com.termux/files/usr/lib/python3.12/site-packages/asyncpg/pool.py", line 161, in acquire
    await self.connect()
  File "/data/data/com.termux/files/usr/lib/python3.12/site-packages/asyncpg/pool.py", line 153, in connect
    self._con = await self._pool._get_new_connection()
                ^^^^^^^^^^^^^^^^^^^^^^^^^^^^^^^^^^^^^^
  File "/data/data/com.termux/files/usr/lib/python3.12/site-packages/asyncpg/pool.py", line 538, in _get_new_connection
    con = await self._connect(
          ^^^^^^^^^^^^^^^^^^^^
  File "/data/data/com.termux/files/usr/lib/python3.12/site-packages/asyncpg/connection.py", line 2443, in connect
    return await connect_utils._connect(
           ^^^^^^^^^^^^^^^^^^^^^^^^^^^^^
  File "/data/data/com.termux/files/usr/lib/python3.12/site-packages/asyncpg/connect_utils.py", line 1249, in _connect
    raise last_error or exceptions.TargetServerAttributeNotMatched(
  File "/data/data/com.termux/files/usr/lib/python3.12/site-packages/asyncpg/connect_utils.py", line 1218, in _connect
    conn = await _connect_addr(
           ^^^^^^^^^^^^^^^^^^^^
  File "/data/data/com.termux/files/usr/lib/python3.12/site-packages/asyncpg/connect_utils.py", line 1054, in _connect_addr
    return await __connect_addr(params, True, *args)
           ^^^^^^^^^^^^^^^^^^^^^^^^^^^^^^^^^^^^^^^^^
  File "/data/data/com.termux/files/usr/lib/python3.12/site-packages/asyncpg/connect_utils.py", line 1099, in __connect_addr
    tr, pr = await connector
             ^^^^^^^^^^^^^^^
  File "/data/data/com.termux/files/usr/lib/python3.12/site-packages/asyncpg/connect_utils.py", line 969, in _create_ssl_connection
    tr, pr = await loop.create_connection(
             ^^^^^^^^^^^^^^^^^^^^^^^^^^^^^
  File "/data/data/com.termux/files/usr/lib/python3.12/asyncio/base_events.py", line 1083, in create_connection
    infos = await self._ensure_resolved(
            ^^^^^^^^^^^^^^^^^^^^^^^^^^^^
  File "/data/data/com.termux/files/usr/lib/python3.12/asyncio/base_events.py", line 1466, in _ensure_resolved
    return await loop.getaddrinfo(host, port, family=family, type=type,
           ^^^^^^^^^^^^^^^^^^^^^^^^^^^^^^^^^^^^^^^^^^^^^^^^^^^^^^^^^^^^
  File "/data/data/com.termux/files/usr/lib/python3.12/asyncio/base_events.py", line 905, in getaddrinfo
    return await self.run_in_executor(
           ^^^^^^^^^^^^^^^^^^^^^^^^^^^
  File "/data/data/com.termux/files/usr/lib/python3.12/concurrent/futures/thread.py", line 59, in run
    result = self.fn(*self.args, **self.kwargs)
             ^^^^^^^^^^^^^^^^^^^^^^^^^^^^^^^^^^
  File "/data/data/com.termux/files/usr/lib/python3.12/socket.py", line 978, in getaddrinfo
    for res in _socket.getaddrinfo(host, port, family, type, proto, flags):
               ^^^^^^^^^^^^^^^^^^^^^^^^^^^^^^^^^^^^^^^^^^^^^^^^^^^^^^^^^^^
socket.gaierror: [Errno 7] No address associated with hostname
