INFO:databases:Connected to database postgresql+asyncpg://neondb_owner:********@ep-red-star-a19jjtnh-pooler.ap-southeast-1.aws.neon.tech/neondb?sslmode=require&channel_binding=require
INFO:services.ingestion.main:Starting ingestion for Anime: 101280 | Ep: 23.0 | Provider: oploverz
INFO:services.ingestion.core.fetcher:🚀 Downloading video from https://pixeldrain.com/api/file/rYUUkSdm to ./tmp_ingest/oploverz_101280_23.0.mp4...
INFO:services.ingestion.core.fetcher:File ./tmp_ingest/oploverz_101280_23.0.mp4 already exists. Skipping fetch.
INFO:services.ingestion.core.slicer:🚀 Slicing with Subtitle Mapping from ./tmp_ingest/oploverz_101280_23.0.mp4...
INFO:services.ingestion.core.slicer:✅ Berhasil memotong video dengan Subtitle!
INFO:services.ingestion.uploader.telegram:Starting parallel upload of 118 segments with 3 workers...
INFO:services.ingestion.uploader.telegram:Uploading segment_0000.ts via tg-proxy...
INFO:services.ingestion.uploader.telegram:Uploading segment_0001.ts via tg-proxy...
INFO:services.ingestion.uploader.telegram:Uploading segment_0002.ts via tg-proxy...
INFO:httpx:HTTP Request: HEAD https://jonyyyyyyyu-anime-scraper-api.hf.space/healthz "HTTP/1.1 200 OK"
INFO:services.ingestion.main:[Keep-Alive] Pinged HF Space health endpoint to prevent sleep.
INFO:httpx:HTTP Request: POST https://api.telegram.org/bot8782570865:AAFlGrid6H-XFPu-jAbE26dHD_DgXHhRBpE/sendDocument "HTTP/1.1 200 OK"
INFO:services.ingestion.uploader.telegram:Uploading segment_0003.ts via tg-proxy-2...
INFO:httpx:HTTP Request: POST https://api.telegram.org/bot8782570865:AAFlGrid6H-XFPu-jAbE26dHD_DgXHhRBpE/sendDocument "HTTP/1.1 200 OK"
INFO:services.ingestion.uploader.telegram:Uploading segment_0004.ts via tg-proxy-2...
INFO:httpx:HTTP Request: HEAD https://jonyyyyyyyu-anime-scraper-api.hf.space/healthz "HTTP/1.1 200 OK"
INFO:services.ingestion.main:[Keep-Alive] Pinged HF Space health endpoint to prevent sleep.
INFO:httpx:HTTP Request: POST https://api.telegram.org/bot8743346873:AAEUONWv2fRkfgHNxr361_cCscwHDsH4ONI/sendDocument "HTTP/1.1 200 OK"
INFO:services.ingestion.uploader.telegram:Uploading segment_0005.ts via tg-proxy-2...
INFO:httpx:HTTP Request: POST https://api.telegram.org/bot8782570865:AAFlGrid6H-XFPu-jAbE26dHD_DgXHhRBpE/sendDocument "HTTP/1.1 200 OK"
INFO:services.ingestion.uploader.telegram:Uploading segment_0006.ts via tg-proxy...
INFO:httpx:HTTP Request: POST https://api.telegram.org/bot8743346873:AAEUONWv2fRkfgHNxr361_cCscwHDsH4ONI/sendDocument "HTTP/1.1 200 OK"
INFO:services.ingestion.uploader.telegram:Uploading segment_0007.ts via tg-proxy-2...
INFO:httpx:HTTP Request: HEAD https://jonyyyyyyyu-anime-scraper-api.hf.space/healthz "HTTP/1.1 200 OK"
INFO:services.ingestion.main:[Keep-Alive] Pinged HF Space health endpoint to prevent sleep.
INFO:httpx:HTTP Request: POST https://api.telegram.org/bot8782570865:AAFlGrid6H-XFPu-jAbE26dHD_DgXHhRBpE/sendDocument "HTTP/1.1 200 OK"
INFO:services.ingestion.uploader.telegram:Uploading segment_0008.ts via tg-proxy-2...
INFO:httpx:HTTP Request: HEAD https://jonyyyyyyyu-anime-scraper-api.hf.space/healthz "HTTP/1.1 200 OK"
INFO:services.ingestion.main:[Keep-Alive] Pinged HF Space health endpoint to prevent sleep.
INFO:httpx:HTTP Request: HEAD https://jonyyyyyyyu-anime-scraper-api.hf.space/healthz "HTTP/1.1 200 OK"
INFO:services.ingestion.main:[Keep-Alive] Pinged HF Space health endpoint to prevent sleep.
INFO:httpx:HTTP Request: POST https://api.telegram.org/bot8743346873:AAEUONWv2fRkfgHNxr361_cCscwHDsH4ONI/sendDocument "HTTP/1.1 200 OK"
INFO:services.ingestion.uploader.telegram:Uploading segment_0009.ts via tg-proxy-2...
INFO:httpx:HTTP Request: HEAD https://jonyyyyyyyu-anime-scraper-api.hf.space/healthz "HTTP/1.1 200 OK"
INFO:services.ingestion.main:[Keep-Alive] Pinged HF Space health endpoint to prevent sleep.
INFO:httpx:HTTP Request: POST https://api.telegram.org/bot8743346873:AAEUONWv2fRkfgHNxr361_cCscwHDsH4ONI/sendDocument "HTTP/1.1 200 OK"
INFO:services.ingestion.uploader.telegram:Uploading segment_0010.ts via tg-proxy...
INFO:httpx:HTTP Request: HEAD https://jonyyyyyyyu-anime-scraper-api.hf.space/healthz "HTTP/1.1 200 OK"
INFO:services.ingestion.main:[Keep-Alive] Pinged HF Space health endpoint to prevent sleep.
INFO:httpx:HTTP Request: POST https://api.telegram.org/bot8743346873:AAEUONWv2fRkfgHNxr361_cCscwHDsH4ONI/sendDocument "HTTP/1.1 200 OK"
INFO:services.ingestion.uploader.telegram:Uploading segment_0011.ts via tg-proxy-2...
INFO:httpx:HTTP Request: POST https://api.telegram.org/bot8782570865:AAFlGrid6H-XFPu-jAbE26dHD_DgXHhRBpE/sendDocument "HTTP/1.1 200 OK"
INFO:services.ingestion.uploader.telegram:Uploading segment_0012.ts via tg-proxy...
INFO:httpx:HTTP Request: POST https://api.telegram.org/bot8743346873:AAEUONWv2fRkfgHNxr361_cCscwHDsH4ONI/sendDocument "HTTP/1.1 200 OK"
INFO:services.ingestion.uploader.telegram:Uploading segment_0013.ts via tg-proxy...
INFO:httpx:HTTP Request: POST https://api.telegram.org/bot8782570865:AAFlGrid6H-XFPu-jAbE26dHD_DgXHhRBpE/sendDocument "HTTP/1.1 200 OK"
INFO:services.ingestion.uploader.telegram:Uploading segment_0014.ts via tg-proxy-2...
INFO:httpx:HTTP Request: POST https://api.telegram.org/bot8782570865:AAFlGrid6H-XFPu-jAbE26dHD_DgXHhRBpE/sendDocument "HTTP/1.1 200 OK"
INFO:services.ingestion.uploader.telegram:Uploading segment_0015.ts via tg-proxy-2...
INFO:httpx:HTTP Request: HEAD https://jonyyyyyyyu-anime-scraper-api.hf.space/healthz "HTTP/1.1 200 OK"
INFO:services.ingestion.main:[Keep-Alive] Pinged HF Space health endpoint to prevent sleep.
INFO:httpx:HTTP Request: POST https://api.telegram.org/bot8743346873:AAEUONWv2fRkfgHNxr361_cCscwHDsH4ONI/sendDocument "HTTP/1.1 200 OK"
INFO:services.ingestion.uploader.telegram:Uploading segment_0016.ts via tg-proxy...
INFO:httpx:HTTP Request: POST https://api.telegram.org/bot8743346873:AAEUONWv2fRkfgHNxr361_cCscwHDsH4ONI/sendDocument "HTTP/1.1 200 OK"
INFO:services.ingestion.uploader.telegram:Uploading segment_0017.ts via tg-proxy...
INFO:httpx:HTTP Request: POST https://api.telegram.org/bot8743346873:AAEUONWv2fRkfgHNxr361_cCscwHDsH4ONI/sendDocument "HTTP/1.1 200 OK"
INFO:services.ingestion.uploader.telegram:Uploading segment_0018.ts via tg-proxy-2...
INFO:httpx:HTTP Request: POST https://api.telegram.org/bot8782570865:AAFlGrid6H-XFPu-jAbE26dHD_DgXHhRBpE/sendDocument "HTTP/1.1 200 OK"
INFO:services.ingestion.uploader.telegram:Uploading segment_0019.ts via tg-proxy-2...
INFO:httpx:HTTP Request: HEAD https://jonyyyyyyyu-anime-scraper-api.hf.space/healthz "HTTP/1.1 200 OK"
INFO:services.ingestion.main:[Keep-Alive] Pinged HF Space health endpoint to prevent sleep.
INFO:httpx:HTTP Request: POST https://api.telegram.org/bot8743346873:AAEUONWv2fRkfgHNxr361_cCscwHDsH4ONI/sendDocument "HTTP/1.1 200 OK"
INFO:services.ingestion.uploader.telegram:Uploading segment_0020.ts via tg-proxy-2...
INFO:httpx:HTTP Request: POST https://api.telegram.org/bot8782570865:AAFlGrid6H-XFPu-jAbE26dHD_DgXHhRBpE/sendDocument "HTTP/1.1 200 OK"
INFO:services.ingestion.uploader.telegram:Uploading segment_0021.ts via tg-proxy-2...
INFO:httpx:HTTP Request: POST https://api.telegram.org/bot8743346873:AAEUONWv2fRkfgHNxr361_cCscwHDsH4ONI/sendDocument "HTTP/1.1 200 OK"
INFO:services.ingestion.uploader.telegram:Uploading segment_0022.ts via tg-proxy-2...
INFO:httpx:HTTP Request: HEAD https://jonyyyyyyyu-anime-scraper-api.hf.space/healthz "HTTP/1.1 200 OK"
INFO:services.ingestion.main:[Keep-Alive] Pinged HF Space health endpoint to prevent sleep.
INFO:httpx:HTTP Request: POST https://api.telegram.org/bot8743346873:AAEUONWv2fRkfgHNxr361_cCscwHDsH4ONI/sendDocument "HTTP/1.1 200 OK"
INFO:services.ingestion.uploader.telegram:Uploading segment_0023.ts via tg-proxy-2...
INFO:httpx:HTTP Request: HEAD https://jonyyyyyyyu-anime-scraper-api.hf.space/healthz "HTTP/1.1 200 OK"
INFO:services.ingestion.main:[Keep-Alive] Pinged HF Space health endpoint to prevent sleep.
INFO:httpx:HTTP Request: POST https://api.telegram.org/bot8743346873:AAEUONWv2fRkfgHNxr361_cCscwHDsH4ONI/sendDocument "HTTP/1.1 200 OK"
INFO:services.ingestion.uploader.telegram:Uploading segment_0024.ts via tg-proxy-2...
INFO:httpx:HTTP Request: POST https://api.telegram.org/bot8743346873:AAEUONWv2fRkfgHNxr361_cCscwHDsH4ONI/sendDocument "HTTP/1.1 200 OK"
INFO:services.ingestion.uploader.telegram:Uploading segment_0025.ts via tg-proxy...
INFO:httpx:HTTP Request: POST https://api.telegram.org/bot8743346873:AAEUONWv2fRkfgHNxr361_cCscwHDsH4ONI/sendDocument "HTTP/1.1 200 OK"
INFO:services.ingestion.uploader.telegram:Uploading segment_0026.ts via tg-proxy...
INFO:httpx:HTTP Request: POST https://api.telegram.org/bot8782570865:AAFlGrid6H-XFPu-jAbE26dHD_DgXHhRBpE/sendDocument "HTTP/1.1 200 OK"
INFO:services.ingestion.uploader.telegram:Uploading segment_0027.ts via tg-proxy...
INFO:httpx:HTTP Request: HEAD https://jonyyyyyyyu-anime-scraper-api.hf.space/healthz "HTTP/1.1 200 OK"
INFO:services.ingestion.main:[Keep-Alive] Pinged HF Space health endpoint to prevent sleep.
INFO:httpx:HTTP Request: POST https://api.telegram.org/bot8782570865:AAFlGrid6H-XFPu-jAbE26dHD_DgXHhRBpE/sendDocument "HTTP/1.1 200 OK"
INFO:services.ingestion.uploader.telegram:Uploading segment_0028.ts via tg-proxy...
INFO:httpx:HTTP Request: POST https://api.telegram.org/bot8782570865:AAFlGrid6H-XFPu-jAbE26dHD_DgXHhRBpE/sendDocument "HTTP/1.1 200 OK"
INFO:services.ingestion.uploader.telegram:Uploading segment_0029.ts via tg-proxy...
INFO:httpx:HTTP Request: HEAD https://jonyyyyyyyu-anime-scraper-api.hf.space/healthz "HTTP/1.1 200 OK"
INFO:services.ingestion.main:[Keep-Alive] Pinged HF Space health endpoint to prevent sleep.
INFO:httpx:HTTP Request: POST https://api.telegram.org/bot8743346873:AAEUONWv2fRkfgHNxr361_cCscwHDsH4ONI/sendDocument "HTTP/1.1 200 OK"
INFO:services.ingestion.uploader.telegram:Uploading segment_0030.ts via tg-proxy...
INFO:httpx:HTTP Request: POST https://api.telegram.org/bot8782570865:AAFlGrid6H-XFPu-jAbE26dHD_DgXHhRBpE/sendDocument "HTTP/1.1 200 OK"
INFO:services.ingestion.uploader.telegram:Uploading segment_0031.ts via tg-proxy...
INFO:httpx:HTTP Request: HEAD https://jonyyyyyyyu-anime-scraper-api.hf.space/healthz "HTTP/1.1 200 OK"
INFO:services.ingestion.main:[Keep-Alive] Pinged HF Space health endpoint to prevent sleep.
INFO:httpx:HTTP Request: POST https://api.telegram.org/bot8782570865:AAFlGrid6H-XFPu-jAbE26dHD_DgXHhRBpE/sendDocument "HTTP/1.1 200 OK"
INFO:services.ingestion.uploader.telegram:Uploading segment_0032.ts via tg-proxy...
INFO:httpx:HTTP Request: POST https://api.telegram.org/bot8782570865:AAFlGrid6H-XFPu-jAbE26dHD_DgXHhRBpE/sendDocument "HTTP/1.1 200 OK"
INFO:services.ingestion.uploader.telegram:Uploading segment_0033.ts via tg-proxy...
INFO:httpx:HTTP Request: HEAD https://jonyyyyyyyu-anime-scraper-api.hf.space/healthz "HTTP/1.1 200 OK"
INFO:services.ingestion.main:[Keep-Alive] Pinged HF Space health endpoint to prevent sleep.
INFO:httpx:HTTP Request: POST https://api.telegram.org/bot8782570865:AAFlGrid6H-XFPu-jAbE26dHD_DgXHhRBpE/sendDocument "HTTP/1.1 200 OK"
INFO:services.ingestion.uploader.telegram:Uploading segment_0034.ts via tg-proxy-2...
INFO:httpx:HTTP Request: POST https://api.telegram.org/bot8782570865:AAFlGrid6H-XFPu-jAbE26dHD_DgXHhRBpE/sendDocument "HTTP/1.1 200 OK"
INFO:services.ingestion.uploader.telegram:Uploading segment_0035.ts via tg-proxy-2...
INFO:httpx:HTTP Request: POST https://api.telegram.org/bot8782570865:AAFlGrid6H-XFPu-jAbE26dHD_DgXHhRBpE/sendDocument "HTTP/1.1 200 OK"
INFO:services.ingestion.uploader.telegram:Uploading segment_0036.ts via tg-proxy...
INFO:httpx:HTTP Request: POST https://api.telegram.org/bot8743346873:AAEUONWv2fRkfgHNxr361_cCscwHDsH4ONI/sendDocument "HTTP/1.1 200 OK"
INFO:services.ingestion.uploader.telegram:Uploading segment_0037.ts via tg-proxy-2...
INFO:httpx:HTTP Request: POST https://api.telegram.org/bot8782570865:AAFlGrid6H-XFPu-jAbE26dHD_DgXHhRBpE/sendDocument "HTTP/1.1 200 OK"
INFO:services.ingestion.uploader.telegram:Uploading segment_0038.ts via tg-proxy-2...
INFO:httpx:HTTP Request: POST https://api.telegram.org/bot8743346873:AAEUONWv2fRkfgHNxr361_cCscwHDsH4ONI/sendDocument "HTTP/1.1 200 OK"
INFO:services.ingestion.uploader.telegram:Uploading segment_0039.ts via tg-proxy-2...
INFO:httpx:HTTP Request: POST https://api.telegram.org/bot8743346873:AAEUONWv2fRkfgHNxr361_cCscwHDsH4ONI/sendDocument "HTTP/1.1 200 OK"
INFO:services.ingestion.uploader.telegram:Uploading segment_0040.ts via tg-proxy-2...
INFO:httpx:HTTP Request: HEAD https://jonyyyyyyyu-anime-scraper-api.hf.space/healthz "HTTP/1.1 200 OK"
INFO:services.ingestion.main:[Keep-Alive] Pinged HF Space health endpoint to prevent sleep.
INFO:httpx:HTTP Request: POST https://api.telegram.org/bot8743346873:AAEUONWv2fRkfgHNxr361_cCscwHDsH4ONI/sendDocument "HTTP/1.1 200 OK"
INFO:services.ingestion.uploader.telegram:Uploading segment_0041.ts via tg-proxy-2...
INFO:httpx:HTTP Request: POST https://api.telegram.org/bot8743346873:AAEUONWv2fRkfgHNxr361_cCscwHDsH4ONI/sendDocument "HTTP/1.1 200 OK"
INFO:services.ingestion.uploader.telegram:Uploading segment_0042.ts via tg-proxy...
INFO:httpx:HTTP Request: POST https://api.telegram.org/bot8743346873:AAEUONWv2fRkfgHNxr361_cCscwHDsH4ONI/sendDocument "HTTP/1.1 200 OK"
INFO:services.ingestion.uploader.telegram:Uploading segment_0043.ts via tg-proxy...
INFO:httpx:HTTP Request: HEAD https://jonyyyyyyyu-anime-scraper-api.hf.space/healthz "HTTP/1.1 200 OK"
INFO:services.ingestion.main:[Keep-Alive] Pinged HF Space health endpoint to prevent sleep.
INFO:httpx:HTTP Request: POST https://api.telegram.org/bot8782570865:AAFlGrid6H-XFPu-jAbE26dHD_DgXHhRBpE/sendDocument "HTTP/1.1 200 OK"
INFO:services.ingestion.uploader.telegram:Uploading segment_0044.ts via tg-proxy-2...
INFO:httpx:HTTP Request: POST https://api.telegram.org/bot8782570865:AAFlGrid6H-XFPu-jAbE26dHD_DgXHhRBpE/sendDocument "HTTP/1.1 200 OK"
INFO:services.ingestion.uploader.telegram:Uploading segment_0045.ts via tg-proxy-2...
INFO:httpx:HTTP Request: HEAD https://jonyyyyyyyu-anime-scraper-api.hf.space/healthz "HTTP/1.1 200 OK"
INFO:services.ingestion.main:[Keep-Alive] Pinged HF Space health endpoint to prevent sleep.
INFO:httpx:HTTP Request: POST https://api.telegram.org/bot8743346873:AAEUONWv2fRkfgHNxr361_cCscwHDsH4ONI/sendDocument "HTTP/1.1 200 OK"
INFO:services.ingestion.uploader.telegram:Uploading segment_0046.ts via tg-proxy-2...
INFO:httpx:HTTP Request: POST https://api.telegram.org/bot8743346873:AAEUONWv2fRkfgHNxr361_cCscwHDsH4ONI/sendDocument "HTTP/1.1 200 OK"
INFO:services.ingestion.uploader.telegram:Uploading segment_0047.ts via tg-proxy...
INFO:httpx:HTTP Request: POST https://api.telegram.org/bot8743346873:AAEUONWv2fRkfgHNxr361_cCscwHDsH4ONI/sendDocument "HTTP/1.1 200 OK"
INFO:services.ingestion.uploader.telegram:Uploading segment_0048.ts via tg-proxy-2...
INFO:httpx:HTTP Request: HEAD https://jonyyyyyyyu-anime-scraper-api.hf.space/healthz "HTTP/1.1 200 OK"
INFO:services.ingestion.main:[Keep-Alive] Pinged HF Space health endpoint to prevent sleep.
INFO:httpx:HTTP Request: HEAD https://jonyyyyyyyu-anime-scraper-api.hf.space/healthz "HTTP/1.1 200 OK"
INFO:services.ingestion.main:[Keep-Alive] Pinged HF Space health endpoint to prevent sleep.
INFO:httpx:HTTP Request: POST https://api.telegram.org/bot8782570865:AAFlGrid6H-XFPu-jAbE26dHD_DgXHhRBpE/sendDocument "HTTP/1.1 200 OK"
INFO:services.ingestion.uploader.telegram:Uploading segment_0049.ts via tg-proxy-2...
INFO:httpx:HTTP Request: HEAD https://jonyyyyyyyu-anime-scraper-api.hf.space/healthz "HTTP/1.1 200 OK"
INFO:services.ingestion.main:[Keep-Alive] Pinged HF Space health endpoint to prevent sleep.
INFO:httpx:HTTP Request: POST https://api.telegram.org/bot8743346873:AAEUONWv2fRkfgHNxr361_cCscwHDsH4ONI/sendDocument "HTTP/1.1 200 OK"
INFO:services.ingestion.uploader.telegram:Uploading segment_0050.ts via tg-proxy-2...
INFO:httpx:HTTP Request: POST https://api.telegram.org/bot8743346873:AAEUONWv2fRkfgHNxr361_cCscwHDsH4ONI/sendDocument "HTTP/1.1 200 OK"
INFO:services.ingestion.uploader.telegram:Uploading segment_0051.ts via tg-proxy-2...
INFO:httpx:HTTP Request: HEAD https://jonyyyyyyyu-anime-scraper-api.hf.space/healthz "HTTP/1.1 200 OK"
INFO:services.ingestion.main:[Keep-Alive] Pinged HF Space health endpoint to prevent sleep.
INFO:httpx:HTTP Request: POST https://api.telegram.org/bot8743346873:AAEUONWv2fRkfgHNxr361_cCscwHDsH4ONI/sendDocument "HTTP/1.1 200 OK"
INFO:services.ingestion.uploader.telegram:Uploading segment_0052.ts via tg-proxy...
INFO:httpx:HTTP Request: POST https://api.telegram.org/bot8743346873:AAEUONWv2fRkfgHNxr361_cCscwHDsH4ONI/sendDocument "HTTP/1.1 200 OK"
INFO:services.ingestion.uploader.telegram:Uploading segment_0053.ts via tg-proxy-2...
INFO:httpx:HTTP Request: POST https://api.telegram.org/bot8782570865:AAFlGrid6H-XFPu-jAbE26dHD_DgXHhRBpE/sendDocument "HTTP/1.1 200 OK"
INFO:services.ingestion.uploader.telegram:Uploading segment_0054.ts via tg-proxy-2...
INFO:httpx:HTTP Request: POST https://api.telegram.org/bot8743346873:AAEUONWv2fRkfgHNxr361_cCscwHDsH4ONI/sendDocument "HTTP/1.1 200 OK"
INFO:services.ingestion.uploader.telegram:Uploading segment_0055.ts via tg-proxy...
INFO:httpx:HTTP Request: HEAD https://jonyyyyyyyu-anime-scraper-api.hf.space/healthz "HTTP/1.1 200 OK"
INFO:services.ingestion.main:[Keep-Alive] Pinged HF Space health endpoint to prevent sleep.
INFO:httpx:HTTP Request: POST https://api.telegram.org/bot8743346873:AAEUONWv2fRkfgHNxr361_cCscwHDsH4ONI/sendDocument "HTTP/1.1 200 OK"
INFO:services.ingestion.uploader.telegram:Uploading segment_0056.ts via tg-proxy...
INFO:httpx:HTTP Request: POST https://api.telegram.org/bot8782570865:AAFlGrid6H-XFPu-jAbE26dHD_DgXHhRBpE/sendDocument "HTTP/1.1 200 OK"
INFO:services.ingestion.uploader.telegram:Uploading segment_0057.ts via tg-proxy...
INFO:httpx:HTTP Request: POST https://api.telegram.org/bot8743346873:AAEUONWv2fRkfgHNxr361_cCscwHDsH4ONI/sendDocument "HTTP/1.1 200 OK"
INFO:services.ingestion.uploader.telegram:Uploading segment_0058.ts via tg-proxy-2...
INFO:httpx:HTTP Request: POST https://api.telegram.org/bot8782570865:AAFlGrid6H-XFPu-jAbE26dHD_DgXHhRBpE/sendDocument "HTTP/1.1 200 OK"
INFO:services.ingestion.uploader.telegram:Uploading segment_0059.ts via tg-proxy-2...
INFO:httpx:HTTP Request: POST https://api.telegram.org/bot8782570865:AAFlGrid6H-XFPu-jAbE26dHD_DgXHhRBpE/sendDocument "HTTP/1.1 200 OK"
INFO:services.ingestion.uploader.telegram:Uploading segment_0060.ts via tg-proxy...
INFO:httpx:HTTP Request: HEAD https://jonyyyyyyyu-anime-scraper-api.hf.space/healthz "HTTP/1.1 200 OK"
INFO:services.ingestion.main:[Keep-Alive] Pinged HF Space health endpoint to prevent sleep.
INFO:httpx:HTTP Request: POST https://api.telegram.org/bot8743346873:AAEUONWv2fRkfgHNxr361_cCscwHDsH4ONI/sendDocument "HTTP/1.1 200 OK"
INFO:services.ingestion.uploader.telegram:Uploading segment_0061.ts via tg-proxy...
INFO:httpx:HTTP Request: POST https://api.telegram.org/bot8782570865:AAFlGrid6H-XFPu-jAbE26dHD_DgXHhRBpE/sendDocument "HTTP/1.1 200 OK"
INFO:services.ingestion.uploader.telegram:Uploading segment_0062.ts via tg-proxy...
INFO:httpx:HTTP Request: POST https://api.telegram.org/bot8743346873:AAEUONWv2fRkfgHNxr361_cCscwHDsH4ONI/sendDocument "HTTP/1.1 200 OK"
INFO:services.ingestion.uploader.telegram:Uploading segment_0063.ts via tg-proxy-2...
INFO:httpx:HTTP Request: HEAD https://jonyyyyyyyu-anime-scraper-api.hf.space/healthz "HTTP/1.1 200 OK"
INFO:services.ingestion.main:[Keep-Alive] Pinged HF Space health endpoint to prevent sleep.
INFO:httpx:HTTP Request: POST https://api.telegram.org/bot8782570865:AAFlGrid6H-XFPu-jAbE26dHD_DgXHhRBpE/sendDocument "HTTP/1.1 200 OK"
INFO:services.ingestion.uploader.telegram:Uploading segment_0064.ts via tg-proxy-2...
INFO:httpx:HTTP Request: HEAD https://jonyyyyyyyu-anime-scraper-api.hf.space/healthz "HTTP/1.1 200 OK"
INFO:services.ingestion.main:[Keep-Alive] Pinged HF Space health endpoint to prevent sleep.
INFO:httpx:HTTP Request: POST https://api.telegram.org/bot8743346873:AAEUONWv2fRkfgHNxr361_cCscwHDsH4ONI/sendDocument "HTTP/1.1 200 OK"
INFO:services.ingestion.uploader.telegram:Uploading segment_0065.ts via tg-proxy-2...
INFO:httpx:HTTP Request: POST https://api.telegram.org/bot8782570865:AAFlGrid6H-XFPu-jAbE26dHD_DgXHhRBpE/sendDocument "HTTP/1.1 200 OK"
INFO:services.ingestion.uploader.telegram:Uploading segment_0066.ts via tg-proxy-2...
INFO:httpx:HTTP Request: POST https://api.telegram.org/bot8743346873:AAEUONWv2fRkfgHNxr361_cCscwHDsH4ONI/sendDocument "HTTP/1.1 200 OK"
INFO:services.ingestion.uploader.telegram:Uploading segment_0067.ts via tg-proxy...
INFO:httpx:HTTP Request: POST https://api.telegram.org/bot8743346873:AAEUONWv2fRkfgHNxr361_cCscwHDsH4ONI/sendDocument "HTTP/1.1 200 OK"
INFO:services.ingestion.uploader.telegram:Uploading segment_0068.ts via tg-proxy-2...
INFO:httpx:HTTP Request: POST https://api.telegram.org/bot8782570865:AAFlGrid6H-XFPu-jAbE26dHD_DgXHhRBpE/sendDocument "HTTP/1.1 200 OK"
INFO:services.ingestion.uploader.telegram:Uploading segment_0069.ts via tg-proxy...
INFO:httpx:HTTP Request: POST https://api.telegram.org/bot8743346873:AAEUONWv2fRkfgHNxr361_cCscwHDsH4ONI/sendDocument "HTTP/1.1 200 OK"
INFO:services.ingestion.uploader.telegram:Uploading segment_0070.ts via tg-proxy-2...
INFO:httpx:HTTP Request: HEAD https://jonyyyyyyyu-anime-scraper-api.hf.space/healthz "HTTP/1.1 200 OK"
INFO:services.ingestion.main:[Keep-Alive] Pinged HF Space health endpoint to prevent sleep.
INFO:httpx:HTTP Request: POST https://api.telegram.org/bot8743346873:AAEUONWv2fRkfgHNxr361_cCscwHDsH4ONI/sendDocument "HTTP/1.1 200 OK"
INFO:services.ingestion.uploader.telegram:Uploading segment_0071.ts via tg-proxy-2...
INFO:httpx:HTTP Request: HEAD https://jonyyyyyyyu-anime-scraper-api.hf.space/healthz "HTTP/1.1 200 OK"
INFO:services.ingestion.main:[Keep-Alive] Pinged HF Space health endpoint to prevent sleep.
INFO:httpx:HTTP Request: POST https://api.telegram.org/bot8743346873:AAEUONWv2fRkfgHNxr361_cCscwHDsH4ONI/sendDocument "HTTP/1.1 200 OK"
INFO:services.ingestion.uploader.telegram:Uploading segment_0072.ts via tg-proxy...
INFO:httpx:HTTP Request: POST https://api.telegram.org/bot8782570865:AAFlGrid6H-XFPu-jAbE26dHD_DgXHhRBpE/sendDocument "HTTP/1.1 200 OK"
INFO:services.ingestion.uploader.telegram:Uploading segment_0073.ts via tg-proxy...
INFO:httpx:HTTP Request: POST https://api.telegram.org/bot8743346873:AAEUONWv2fRkfgHNxr361_cCscwHDsH4ONI/sendDocument "HTTP/1.1 200 OK"
INFO:services.ingestion.uploader.telegram:Uploading segment_0074.ts via tg-proxy...
INFO:httpx:HTTP Request: HEAD https://jonyyyyyyyu-anime-scraper-api.hf.space/healthz "HTTP/1.1 200 OK"
INFO:services.ingestion.main:[Keep-Alive] Pinged HF Space health endpoint to prevent sleep.
INFO:httpx:HTTP Request: HEAD https://jonyyyyyyyu-anime-scraper-api.hf.space/healthz "HTTP/1.1 200 OK"
INFO:services.ingestion.main:[Keep-Alive] Pinged HF Space health endpoint to prevent sleep.
INFO:httpx:HTTP Request: POST https://api.telegram.org/bot8782570865:AAFlGrid6H-XFPu-jAbE26dHD_DgXHhRBpE/sendDocument "HTTP/1.1 200 OK"
INFO:services.ingestion.uploader.telegram:Uploading segment_0075.ts via tg-proxy...
INFO:httpx:HTTP Request: POST https://api.telegram.org/bot8782570865:AAFlGrid6H-XFPu-jAbE26dHD_DgXHhRBpE/sendDocument "HTTP/1.1 200 OK"
INFO:services.ingestion.uploader.telegram:Uploading segment_0076.ts via tg-proxy...
INFO:httpx:HTTP Request: HEAD https://jonyyyyyyyu-anime-scraper-api.hf.space/healthz "HTTP/1.1 200 OK"
INFO:services.ingestion.main:[Keep-Alive] Pinged HF Space health endpoint to prevent sleep.
INFO:httpx:HTTP Request: POST https://api.telegram.org/bot8782570865:AAFlGrid6H-XFPu-jAbE26dHD_DgXHhRBpE/sendDocument "HTTP/1.1 200 OK"
INFO:services.ingestion.uploader.telegram:Uploading segment_0077.ts via tg-proxy-2...
INFO:httpx:HTTP Request: HEAD https://jonyyyyyyyu-anime-scraper-api.hf.space/healthz "HTTP/1.1 200 OK"
INFO:services.ingestion.main:[Keep-Alive] Pinged HF Space health endpoint to prevent sleep.
INFO:httpx:HTTP Request: POST https://api.telegram.org/bot8782570865:AAFlGrid6H-XFPu-jAbE26dHD_DgXHhRBpE/sendDocument "HTTP/1.1 200 OK"
INFO:services.ingestion.uploader.telegram:Uploading segment_0078.ts via tg-proxy-2...
INFO:httpx:HTTP Request: POST https://api.telegram.org/bot8743346873:AAEUONWv2fRkfgHNxr361_cCscwHDsH4ONI/sendDocument "HTTP/1.1 200 OK"
INFO:services.ingestion.uploader.telegram:Uploading segment_0079.ts via tg-proxy...
INFO:httpx:HTTP Request: HEAD https://jonyyyyyyyu-anime-scraper-api.hf.space/healthz "HTTP/1.1 200 OK"
INFO:services.ingestion.main:[Keep-Alive] Pinged HF Space health endpoint to prevent sleep.
INFO:httpx:HTTP Request: HEAD https://jonyyyyyyyu-anime-scraper-api.hf.space/healthz "HTTP/1.1 200 OK"
INFO:services.ingestion.main:[Keep-Alive] Pinged HF Space health endpoint to prevent sleep.
INFO:httpx:HTTP Request: POST https://api.telegram.org/bot8743346873:AAEUONWv2fRkfgHNxr361_cCscwHDsH4ONI/sendDocument "HTTP/1.1 200 OK"
INFO:services.ingestion.uploader.telegram:Uploading segment_0080.ts via tg-proxy...
INFO:httpx:HTTP Request: POST https://api.telegram.org/bot8782570865:AAFlGrid6H-XFPu-jAbE26dHD_DgXHhRBpE/sendDocument "HTTP/1.1 200 OK"
INFO:services.ingestion.uploader.telegram:Uploading segment_0081.ts via tg-proxy...
WARNING:services.ingestion.main:[Keep-Alive] Ping failed: 
INFO:httpx:HTTP Request: POST https://api.telegram.org/bot8782570865:AAFlGrid6H-XFPu-jAbE26dHD_DgXHhRBpE/sendDocument "HTTP/1.1 200 OK"
INFO:services.ingestion.uploader.telegram:Uploading segment_0082.ts via tg-proxy...
WARNING:services.ingestion.main:[Keep-Alive] Ping failed: 
INFO:httpx:HTTP Request: POST https://api.telegram.org/bot8782570865:AAFlGrid6H-XFPu-jAbE26dHD_DgXHhRBpE/sendDocument "HTTP/1.1 200 OK"
INFO:services.ingestion.uploader.telegram:Uploading segment_0083.ts via tg-proxy...
WARNING:services.ingestion.main:[Keep-Alive] Ping failed: 
INFO:httpx:HTTP Request: POST https://api.telegram.org/bot8782570865:AAFlGrid6H-XFPu-jAbE26dHD_DgXHhRBpE/sendDocument "HTTP/1.1 200 OK"
INFO:services.ingestion.uploader.telegram:Uploading segment_0084.ts via tg-proxy-2...
WARNING:services.ingestion.main:[Keep-Alive] Ping failed: 
INFO:httpx:HTTP Request: HEAD https://jonyyyyyyyu-anime-scraper-api.hf.space/healthz "HTTP/1.1 200 OK"
INFO:services.ingestion.main:[Keep-Alive] Pinged HF Space health endpoint to prevent sleep.
INFO:httpx:HTTP Request: POST https://api.telegram.org/bot8782570865:AAFlGrid6H-XFPu-jAbE26dHD_DgXHhRBpE/sendDocument "HTTP/1.1 200 OK"
INFO:services.ingestion.uploader.telegram:Uploading segment_0085.ts via tg-proxy-2...
INFO:httpx:HTTP Request: HEAD https://jonyyyyyyyu-anime-scraper-api.hf.space/healthz "HTTP/1.1 200 OK"
INFO:services.ingestion.main:[Keep-Alive] Pinged HF Space health endpoint to prevent sleep.
INFO:httpx:HTTP Request: POST https://api.telegram.org/bot8743346873:AAEUONWv2fRkfgHNxr361_cCscwHDsH4ONI/sendDocument "HTTP/1.1 200 OK"
INFO:services.ingestion.uploader.telegram:Uploading segment_0086.ts via tg-proxy-2...
INFO:httpx:HTTP Request: POST https://api.telegram.org/bot8782570865:AAFlGrid6H-XFPu-jAbE26dHD_DgXHhRBpE/sendDocument "HTTP/1.1 200 OK"
INFO:services.ingestion.uploader.telegram:Uploading segment_0087.ts via tg-proxy-2...
INFO:httpx:HTTP Request: HEAD https://jonyyyyyyyu-anime-scraper-api.hf.space/healthz "HTTP/1.1 200 OK"
INFO:services.ingestion.main:[Keep-Alive] Pinged HF Space health endpoint to prevent sleep.
INFO:httpx:HTTP Request: POST https://api.telegram.org/bot8743346873:AAEUONWv2fRkfgHNxr361_cCscwHDsH4ONI/sendDocument "HTTP/1.1 200 OK"
INFO:services.ingestion.uploader.telegram:Uploading segment_0088.ts via tg-proxy...
INFO:httpx:HTTP Request: POST https://api.telegram.org/bot8743346873:AAEUONWv2fRkfgHNxr361_cCscwHDsH4ONI/sendDocument "HTTP/1.1 200 OK"
INFO:services.ingestion.uploader.telegram:Uploading segment_0089.ts via tg-proxy...
INFO:httpx:HTTP Request: POST https://api.telegram.org/bot8743346873:AAEUONWv2fRkfgHNxr361_cCscwHDsH4ONI/sendDocument "HTTP/1.1 200 OK"
INFO:services.ingestion.uploader.telegram:Uploading segment_0090.ts via tg-proxy...
WARNING:services.ingestion.main:[Keep-Alive] Ping failed: 
INFO:httpx:HTTP Request: POST https://api.telegram.org/bot8782570865:AAFlGrid6H-XFPu-jAbE26dHD_DgXHhRBpE/sendDocument "HTTP/1.1 200 OK"
INFO:services.ingestion.uploader.telegram:Uploading segment_0091.ts via tg-proxy-2...
INFO:httpx:HTTP Request: POST https://api.telegram.org/bot8782570865:AAFlGrid6H-XFPu-jAbE26dHD_DgXHhRBpE/sendDocument "HTTP/1.1 200 OK"
INFO:services.ingestion.uploader.telegram:Uploading segment_0092.ts via tg-proxy...
WARNING:services.ingestion.main:[Keep-Alive] Ping failed: 
INFO:httpx:HTTP Request: POST https://api.telegram.org/bot8782570865:AAFlGrid6H-XFPu-jAbE26dHD_DgXHhRBpE/sendDocument "HTTP/1.1 200 OK"
INFO:services.ingestion.uploader.telegram:Uploading segment_0093.ts via tg-proxy...
INFO:httpx:HTTP Request: POST https://api.telegram.org/bot8782570865:AAFlGrid6H-XFPu-jAbE26dHD_DgXHhRBpE/sendDocument "HTTP/1.1 200 OK"
INFO:services.ingestion.uploader.telegram:Uploading segment_0094.ts via tg-proxy-2...
INFO:httpx:HTTP Request: HEAD https://jonyyyyyyyu-anime-scraper-api.hf.space/healthz "HTTP/1.1 200 OK"
INFO:services.ingestion.main:[Keep-Alive] Pinged HF Space health endpoint to prevent sleep.
WARNING:services.ingestion.main:[Keep-Alive] Ping failed: 
INFO:httpx:HTTP Request: POST https://api.telegram.org/bot8782570865:AAFlGrid6H-XFPu-jAbE26dHD_DgXHhRBpE/sendDocument "HTTP/1.1 200 OK"
INFO:services.ingestion.uploader.telegram:Uploading segment_0095.ts via tg-proxy...
INFO:httpx:HTTP Request: POST https://api.telegram.org/bot8743346873:AAEUONWv2fRkfgHNxr361_cCscwHDsH4ONI/sendDocument "HTTP/1.1 200 OK"
INFO:services.ingestion.uploader.telegram:Uploading segment_0096.ts via tg-proxy-2...
INFO:httpx:HTTP Request: POST https://api.telegram.org/bot8782570865:AAFlGrid6H-XFPu-jAbE26dHD_DgXHhRBpE/sendDocument "HTTP/1.1 200 OK"
INFO:services.ingestion.uploader.telegram:Uploading segment_0097.ts via tg-proxy-2...
WARNING:services.ingestion.main:[Keep-Alive] Ping failed: 
INFO:httpx:HTTP Request: POST https://api.telegram.org/bot8743346873:AAEUONWv2fRkfgHNxr361_cCscwHDsH4ONI/sendDocument "HTTP/1.1 200 OK"
INFO:services.ingestion.uploader.telegram:Uploading segment_0098.ts via tg-proxy-2...
INFO:httpx:HTTP Request: POST https://api.telegram.org/bot8743346873:AAEUONWv2fRkfgHNxr361_cCscwHDsH4ONI/sendDocument "HTTP/1.1 200 OK"
INFO:services.ingestion.uploader.telegram:Uploading segment_0099.ts via tg-proxy-2...
INFO:httpx:HTTP Request: POST https://api.telegram.org/bot8743346873:AAEUONWv2fRkfgHNxr361_cCscwHDsH4ONI/sendDocument "HTTP/1.1 200 OK"
INFO:services.ingestion.uploader.telegram:Uploading segment_0100.ts via tg-proxy-2...
INFO:httpx:HTTP Request: HEAD https://jonyyyyyyyu-anime-scraper-api.hf.space/healthz "HTTP/1.1 200 OK"
INFO:services.ingestion.main:[Keep-Alive] Pinged HF Space health endpoint to prevent sleep.
INFO:httpx:HTTP Request: POST https://api.telegram.org/bot8743346873:AAEUONWv2fRkfgHNxr361_cCscwHDsH4ONI/sendDocument "HTTP/1.1 200 OK"
INFO:services.ingestion.uploader.telegram:Uploading segment_0101.ts via tg-proxy...
INFO:httpx:HTTP Request: POST https://api.telegram.org/bot8782570865:AAFlGrid6H-XFPu-jAbE26dHD_DgXHhRBpE/sendDocument "HTTP/1.1 200 OK"
INFO:services.ingestion.uploader.telegram:Uploading segment_0102.ts via tg-proxy-2...
INFO:httpx:HTTP Request: HEAD https://jonyyyyyyyu-anime-scraper-api.hf.space/healthz "HTTP/1.1 200 OK"
INFO:services.ingestion.main:[Keep-Alive] Pinged HF Space health endpoint to prevent sleep.
ERROR:services.ingestion.uploader.telegram:Exception during Telegram upload (attempt 1): 
WARNING:services.ingestion.uploader.telegram:Upload retry 1 for segment_0096.ts, waiting 2.0s
INFO:httpx:HTTP Request: POST https://api.telegram.org/bot8743346873:AAEUONWv2fRkfgHNxr361_cCscwHDsH4ONI/sendDocument "HTTP/1.1 200 OK"
INFO:services.ingestion.uploader.telegram:Uploading segment_0103.ts via tg-proxy...
INFO:httpx:HTTP Request: POST https://api.telegram.org/bot8743346873:AAEUONWv2fRkfgHNxr361_cCscwHDsH4ONI/sendDocument "HTTP/1.1 200 OK"
INFO:services.ingestion.uploader.telegram:Uploading segment_0104.ts via tg-proxy-2...
WARNING:services.ingestion.main:[Keep-Alive] Ping failed: 
INFO:httpx:HTTP Request: POST https://api.telegram.org/bot8743346873:AAEUONWv2fRkfgHNxr361_cCscwHDsH4ONI/sendDocument "HTTP/1.1 200 OK"
INFO:services.ingestion.uploader.telegram:Uploading segment_0105.ts via tg-proxy...
INFO:httpx:HTTP Request: POST https://api.telegram.org/bot8782570865:AAFlGrid6H-XFPu-jAbE26dHD_DgXHhRBpE/sendDocument "HTTP/1.1 200 OK"
INFO:services.ingestion.uploader.telegram:Uploading segment_0106.ts via tg-proxy...
INFO:httpx:HTTP Request: HEAD https://jonyyyyyyyu-anime-scraper-api.hf.space/healthz "HTTP/1.1 200 OK"
INFO:services.ingestion.main:[Keep-Alive] Pinged HF Space health endpoint to prevent sleep.
INFO:httpx:HTTP Request: POST https://api.telegram.org/bot8782570865:AAFlGrid6H-XFPu-jAbE26dHD_DgXHhRBpE/sendDocument "HTTP/1.1 200 OK"
INFO:services.ingestion.uploader.telegram:Uploading segment_0107.ts via tg-proxy...
ERROR:services.ingestion.uploader.telegram:Exception during Telegram upload (attempt 1): 
WARNING:services.ingestion.uploader.telegram:Upload retry 1 for segment_0102.ts, waiting 1.9s
INFO:httpx:HTTP Request: POST https://api.telegram.org/bot8782570865:AAFlGrid6H-XFPu-jAbE26dHD_DgXHhRBpE/sendDocument "HTTP/1.1 200 OK"
INFO:services.ingestion.uploader.telegram:Uploading segment_0108.ts via tg-proxy...
WARNING:services.ingestion.main:[Keep-Alive] Ping failed: 
INFO:httpx:HTTP Request: POST https://api.telegram.org/bot8782570865:AAFlGrid6H-XFPu-jAbE26dHD_DgXHhRBpE/sendDocument "HTTP/1.1 200 OK"
INFO:services.ingestion.uploader.telegram:Uploading segment_0109.ts via tg-proxy-2...
INFO:httpx:HTTP Request: POST https://api.telegram.org/bot8743346873:AAEUONWv2fRkfgHNxr361_cCscwHDsH4ONI/sendDocument "HTTP/1.1 200 OK"
INFO:services.ingestion.uploader.telegram:Uploading segment_0110.ts via tg-proxy-2...
INFO:httpx:HTTP Request: HEAD https://jonyyyyyyyu-anime-scraper-api.hf.space/healthz "HTTP/1.1 200 OK"
INFO:services.ingestion.main:[Keep-Alive] Pinged HF Space health endpoint to prevent sleep.
ERROR:services.ingestion.uploader.telegram:Exception during Telegram upload (attempt 1): 
WARNING:services.ingestion.uploader.telegram:Upload retry 1 for segment_0103.ts, waiting 2.0s
INFO:httpx:HTTP Request: POST https://api.telegram.org/bot8782570865:AAFlGrid6H-XFPu-jAbE26dHD_DgXHhRBpE/sendDocument "HTTP/1.1 200 OK"
INFO:services.ingestion.uploader.telegram:Uploading segment_0111.ts via tg-proxy...
INFO:httpx:HTTP Request: HEAD https://jonyyyyyyyu-anime-scraper-api.hf.space/healthz "HTTP/1.1 200 OK"
INFO:services.ingestion.main:[Keep-Alive] Pinged HF Space health endpoint to prevent sleep.
INFO:httpx:HTTP Request: POST https://api.telegram.org/bot8782570865:AAFlGrid6H-XFPu-jAbE26dHD_DgXHhRBpE/sendDocument "HTTP/1.1 200 OK"
INFO:services.ingestion.uploader.telegram:Uploading segment_0112.ts via tg-proxy...
INFO:httpx:HTTP Request: POST https://api.telegram.org/bot8743346873:AAEUONWv2fRkfgHNxr361_cCscwHDsH4ONI/sendDocument "HTTP/1.1 200 OK"
INFO:services.ingestion.uploader.telegram:Uploading segment_0113.ts via tg-proxy-2...
WARNING:services.ingestion.main:[Keep-Alive] Ping failed: 
INFO:httpx:HTTP Request: POST https://api.telegram.org/bot8782570865:AAFlGrid6H-XFPu-jAbE26dHD_DgXHhRBpE/sendDocument "HTTP/1.1 200 OK"
INFO:services.ingestion.uploader.telegram:Uploading segment_0114.ts via tg-proxy-2...
INFO:httpx:HTTP Request: POST https://api.telegram.org/bot8743346873:AAEUONWv2fRkfgHNxr361_cCscwHDsH4ONI/sendDocument "HTTP/1.1 200 OK"
INFO:services.ingestion.uploader.telegram:Uploading segment_0115.ts via tg-proxy...
INFO:httpx:HTTP Request: HEAD https://jonyyyyyyyu-anime-scraper-api.hf.space/healthz "HTTP/1.1 200 OK"
INFO:services.ingestion.main:[Keep-Alive] Pinged HF Space health endpoint to prevent sleep.
INFO:httpx:HTTP Request: POST https://api.telegram.org/bot8743346873:AAEUONWv2fRkfgHNxr361_cCscwHDsH4ONI/sendDocument "HTTP/1.1 200 OK"
INFO:services.ingestion.uploader.telegram:Uploading segment_0116.ts via tg-proxy-2...
INFO:httpx:HTTP Request: POST https://api.telegram.org/bot8743346873:AAEUONWv2fRkfgHNxr361_cCscwHDsH4ONI/sendDocument "HTTP/1.1 200 OK"
INFO:services.ingestion.uploader.telegram:Uploading segment_0117.ts via tg-proxy-2...
INFO:httpx:HTTP Request: HEAD https://jonyyyyyyyu-anime-scraper-api.hf.space/healthz "HTTP/1.1 200 OK"
INFO:services.ingestion.main:[Keep-Alive] Pinged HF Space health endpoint to prevent sleep.
INFO:httpx:HTTP Request: POST https://api.telegram.org/bot8743346873:AAEUONWv2fRkfgHNxr361_cCscwHDsH4ONI/sendDocument "HTTP/1.1 200 OK"
INFO:httpx:HTTP Request: POST https://api.telegram.org/bot8743346873:AAEUONWv2fRkfgHNxr361_cCscwHDsH4ONI/sendDocument "HTTP/1.1 200 OK"
INFO:httpx:HTTP Request: HEAD https://jonyyyyyyyu-anime-scraper-api.hf.space/healthz "HTTP/1.1 200 OK"
INFO:services.ingestion.main:[Keep-Alive] Pinged HF Space health endpoint to prevent sleep.
INFO:httpx:HTTP Request: HEAD https://jonyyyyyyyu-anime-scraper-api.hf.space/healthz "HTTP/1.1 200 OK"
INFO:services.ingestion.main:[Keep-Alive] Pinged HF Space health endpoint to prevent sleep.
INFO:httpx:HTTP Request: HEAD https://jonyyyyyyyu-anime-scraper-api.hf.space/healthz "HTTP/1.1 200 OK"
INFO:services.ingestion.main:[Keep-Alive] Pinged HF Space health endpoint to prevent sleep.
ERROR:services.ingestion.uploader.telegram:Exception during Telegram upload (attempt 1): 
WARNING:services.ingestion.uploader.telegram:Upload retry 1 for segment_0115.ts, waiting 1.0s
INFO:httpx:HTTP Request: HEAD https://jonyyyyyyyu-anime-scraper-api.hf.space/healthz "HTTP/1.1 200 OK"
INFO:services.ingestion.main:[Keep-Alive] Pinged HF Space health endpoint to prevent sleep.
INFO:httpx:HTTP Request: HEAD https://jonyyyyyyyu-anime-scraper-api.hf.space/healthz "HTTP/1.1 200 OK"
INFO:services.ingestion.main:[Keep-Alive] Pinged HF Space health endpoint to prevent sleep.
INFO:httpx:HTTP Request: HEAD https://jonyyyyyyyu-anime-scraper-api.hf.space/healthz "HTTP/1.1 200 OK"
INFO:services.ingestion.main:[Keep-Alive] Pinged HF Space health endpoint to prevent sleep.
INFO:httpx:HTTP Request: POST https://api.telegram.org/bot8782570865:AAFlGrid6H-XFPu-jAbE26dHD_DgXHhRBpE/sendDocument "HTTP/1.1 200 OK"
INFO:httpx:HTTP Request: POST https://close-sunfish-80475.upstash.io/set/ingest_progress:101280:23.0?EX=86400 "HTTP/1.1 200 OK"
INFO:services.ingestion.uploader.telegram:Successfully processed playlist to cloud: ./tmp_ingest/hls/oploverz_101280_23.0/cloud_index.m3u8
INFO:services.ingestion.uploader.telegram:Uploading cloud_index.m3u8 via tg-proxy...
WARNING:services.ingestion.main:[Keep-Alive] Ping failed: 
INFO:httpx:HTTP Request: POST https://api.telegram.org/bot8782570865:AAFlGrid6H-XFPu-jAbE26dHD_DgXHhRBpE/sendDocument "HTTP/1.1 200 OK"
INFO:services.ingestion.main:Successfully updated DB for episode ID 198101 with new stream URL: https://tg-proxy.moehamadhkl.workers.dev/https://tg-proxy.moehamadhkl.workers.dev/BQACAgUAAyEGAATc0SFaAAIp5WnmHjZCBEyVLBr9arDW6Zv0RyO_AAL2IgACTHExV33tyiWMQmIsOwQ
INFO:services.ingestion.main:Removed HLS directory: ./tmp_ingest/hls/oploverz_101280_23.0
INFO:httpx:HTTP Request: POST https://close-sunfish-80475.upstash.io/del/ingest:101280:23.0 "HTTP/1.1 200 OK"
INFO:services.ingestion.main:Released lock for ingest:101280:23.0
INFO:databases:Disconnected from database postgresql+asyncpg://neondb_owner:********@ep-red-star-a19jjtnh-pooler.ap-southeast-1.aws.neon.tech/neondb?sslmode=require&channel_binding=require
Mencari Tensura S1 (101280) Ep 23 di database...
Episode 23 tidak ditemukan di provider samehadaku, mencoba provider lain...
Mulai proses ingestion MANUAL untuk Episode ID: 198101...
Menggunakan URL direct paksaan: https://pixeldrain.com/api/file/rYUUkSdm
Sedang men-download, men-slice, dan meng-upload ke Telegram...
MOHON TUNGGU (Kira-kira 10 Menit karena kecepatan Pixeldrain 0.19 MB/s)...
Hasil Ingestion: True
URL Baru di DB: https://tg-proxy.moehamadhkl.workers.dev/https://tg-proxy.moehamadhkl.workers.dev/BQACAgUAAyEGAATc0SFaAAIp5WnmHjZCBEyVLBr9arDW6Zv0RyO_AAL2IgACTHExV33tyiWMQmIsOwQ
